<?xml version="1.0" encoding="UTF-8"?>
<!-- Generated by org.testng.reporters.JUnitXMLReporter -->
<testsuite hostname="RSTPL087-PC" ignored="0" name="ChromeTest" tests="7" failures="0" timestamp="2022-05-31T16:37:43 IST" time="145.457" errors="0">
  <testcase name="validCredentials" time="12.279" classname="in.ptmantra.testscripts.Login"/>
  <testcase name="invalidCredentials" time="12.67" classname="in.ptmantra.testscripts.Login"/>
  <testcase name="emptyCredentials" time="10.994" classname="in.ptmantra.testscripts.Login"/>
  <testcase name="correctUserName" time="13.851" classname="in.ptmantra.testscripts.Login"/>
  <testcase name="correctPwd" time="11.726" classname="in.ptmantra.testscripts.Login"/>
  <testcase name="registration" time="10.091" classname="in.ptmantra.testscripts.Login"/>
  <testcase name="resetPassword" time="10.19" classname="in.ptmantra.testscripts.Login"/>
</testsuite> <!-- ChromeTest -->
