<?xml version="1.0" encoding="UTF-8"?>
<!-- Generated by org.testng.reporters.JUnitXMLReporter -->
<testsuite hostname="RSTPL087-PC" ignored="0" name="FirefoxTest" tests="7" failures="0" timestamp="2022-05-31T16:38:35 IST" time="197.712" errors="0">
  <testcase name="validCredentials" time="13.383" classname="in.ptmantra.testscripts.Login"/>
  <testcase name="invalidCredentials" time="14.73" classname="in.ptmantra.testscripts.Login"/>
  <testcase name="emptyCredentials" time="10.665" classname="in.ptmantra.testscripts.Login"/>
  <testcase name="correctUserName" time="16.496" classname="in.ptmantra.testscripts.Login"/>
  <testcase name="correctPwd" time="12.814" classname="in.ptmantra.testscripts.Login"/>
  <testcase name="registration" time="10.146" classname="in.ptmantra.testscripts.Login"/>
  <testcase name="resetPassword" time="10.113" classname="in.ptmantra.testscripts.Login"/>
</testsuite> <!-- FirefoxTest -->
