<?xml version="1.0" encoding="UTF-8"?>
<!-- Generated by org.testng.reporters.JUnitXMLReporter -->
<testsuite hostname="RSTPL087-PC" ignored="0" name="IETest" tests="7" failures="0" timestamp="2022-05-31T16:38:06 IST" time="168.937" errors="0">
  <testcase name="validCredentials" time="11.097" classname="in.ptmantra.testscripts.Login"/>
  <testcase name="invalidCredentials" time="12.728" classname="in.ptmantra.testscripts.Login"/>
  <testcase name="emptyCredentials" time="11.037" classname="in.ptmantra.testscripts.Login"/>
  <testcase name="correctUserName" time="11.771" classname="in.ptmantra.testscripts.Login"/>
  <testcase name="correctPwd" time="12.354" classname="in.ptmantra.testscripts.Login"/>
  <testcase name="registration" time="10.257" classname="in.ptmantra.testscripts.Login"/>
  <testcase name="resetPassword" time="10.148" classname="in.ptmantra.testscripts.Login"/>
</testsuite> <!-- IETest -->
