<?xml version="1.0" encoding="UTF-8"?>
<!-- Generated by org.testng.reporters.JUnitXMLReporter -->
<testsuite hostname="RSTPL087-PC" ignored="0" name="Test" tests="1" failures="0" timestamp="2022-05-29T00:02:40 IST" time="0.033" errors="0">
  <testcase name="@BeforeMethod setup" time="-1.653762760787E9" classname="in.ptmantra.testscripts.Login">
    <failure type="org.testng.TestNGException" message="
Can inject only one of &amp;lt;ITestContext, XmlTest, Method, Object[], ITestResult&amp;gt; into a @BeforeMethod annotated setup.
For more information on native dependency injection please refer to https://testng.org/doc/documentation-main.html#native-dependency-injection">
      <![CDATA[org.testng.TestNGException: 
Can inject only one of <ITestContext, XmlTest, Method, Object[], ITestResult> into a @BeforeMethod annotated setup.
For more information on native dependency injection please refer to https://testng.org/doc/documentation-main.html#native-dependency-injection
at java.util.ArrayList.forEach(ArrayList.java:1257)
... Removed 28 stack frames]]>
    </failure>
  </testcase> <!-- @BeforeMethod setup -->
  <testcase name="@AfterMethod teardown" time="-1.653762760797E9" classname="in.ptmantra.testscripts.Login">
    <skipped/>
  </testcase> <!-- @AfterMethod teardown -->
  <testcase name="validCredentials" time="0.0" classname="in.ptmantra.testscripts.Login">
    <skipped/>
  </testcase> <!-- validCredentials -->
</testsuite> <!-- Test -->
