<?xml version="1.0" encoding="UTF-8"?>
<!-- Generated by org.testng.reporters.JUnitXMLReporter -->
<testsuite hostname="RSTPL087-PC" ignored="0" name="TestCases" tests="7" failures="0" timestamp="2022-05-31T14:48:08 IST" time="112.637" errors="0">
  <testcase name="validCredentials" time="10.771" classname="in.ptmantra.testscripts.Login"/>
  <testcase name="invalidCredentials" time="10.763" classname="in.ptmantra.testscripts.Login"/>
  <testcase name="emptyCredentials" time="10.423" classname="in.ptmantra.testscripts.Login"/>
  <testcase name="correctUserName" time="10.719" classname="in.ptmantra.testscripts.Login"/>
  <testcase name="correctPwd" time="10.639" classname="in.ptmantra.testscripts.Login"/>
  <testcase name="registration" time="10.066" classname="in.ptmantra.testscripts.Login"/>
  <testcase name="resetPassword" time="10.069" classname="in.ptmantra.testscripts.Login"/>
</testsuite> <!-- TestCases -->
