<?xml version="1.0" encoding="UTF-8"?>
<!-- Generated by org.testng.reporters.JUnitXMLReporter -->
<testsuite hostname="RSTPL087-PC" ignored="0" name="TestCases" tests="5" failures="0" timestamp="2022-06-09T20:43:41 IST" time="126.15" errors="0">
  <testcase name="creatingNewPatient" time="11.647" classname="in.ptmantra.testscripts.AddNewPatients"/>
  <testcase name="emptyFirstName" time="19.022" classname="in.ptmantra.testscripts.AddNewPatients"/>
  <testcase name="emptyLastName" time="9.382" classname="in.ptmantra.testscripts.AddNewPatients"/>
  <testcase name="emptyEmail" time="10.978" classname="in.ptmantra.testscripts.AddNewPatients"/>
  <testcase name="fullempty" time="7.702" classname="in.ptmantra.testscripts.AddNewPatients"/>
</testsuite> <!-- TestCases -->
