<?xml version="1.0" encoding="UTF-8"?>
<!-- Generated by org.testng.reporters.JUnitXMLReporter -->
<testsuite hostname="RSTPL087-PC" ignored="6" name="IETest(failed)" tests="1" failures="0" timestamp="2022-05-31T15:21:58 IST" time="18.747" errors="0">
  <testcase name="correctPwd" time="11.558" classname="in.ptmantra.testscripts.Login"/>
  <testcase name="invalidCredentials" time="0.0" classname="in.ptmantra.testscripts.Login">
    <ignored/>
  </testcase> <!-- invalidCredentials -->
  <testcase name="correctUserName" time="0.0" classname="in.ptmantra.testscripts.Login">
    <ignored/>
  </testcase> <!-- correctUserName -->
  <testcase name="resetPassword" time="0.0" classname="in.ptmantra.testscripts.Login">
    <ignored/>
  </testcase> <!-- resetPassword -->
  <testcase name="emptyCredentials" time="0.0" classname="in.ptmantra.testscripts.Login">
    <ignored/>
  </testcase> <!-- emptyCredentials -->
  <testcase name="registration" time="0.0" classname="in.ptmantra.testscripts.Login">
    <ignored/>
  </testcase> <!-- registration -->
  <testcase name="validCredentials" time="0.0" classname="in.ptmantra.testscripts.Login">
    <ignored/>
  </testcase> <!-- validCredentials -->
</testsuite> <!-- IETest(failed) -->
