<?xml version="1.0" encoding="UTF-8"?>
<testng-results skipped="0" failed="0" ignored="0" total="5" passed="5">
  <reporter-output>
  </reporter-output>
  <suite name="Suite" duration-ms="126150" started-at="2022-06-09T20:41:35 IST" finished-at="2022-06-09T20:43:41 IST">
    <groups>
    </groups>
    <test name="TestCases" duration-ms="126150" started-at="2022-06-09T20:41:35 IST" finished-at="2022-06-09T20:43:41 IST">
      <class name="in.ptmantra.testscripts.AddNewPatients">
        <test-method status="PASS" signature="loadConfig()[pri:0, instance:in.ptmantra.testscripts.AddNewPatients@b7dd107]" name="loadConfig" is-config="true" duration-ms="8" started-at="2022-06-09T20:41:35 IST" finished-at="2022-06-09T20:41:35 IST">
          <reporter-output>
          </reporter-output>
        </test-method> <!-- loadConfig -->
        <test-method status="PASS" signature="setup(java.lang.String)[pri:0, instance:in.ptmantra.testscripts.AddNewPatients@b7dd107]" name="setup" is-config="true" duration-ms="19367" started-at="2022-06-09T20:41:35 IST" finished-at="2022-06-09T20:41:54 IST">
          <params>
            <param index="0">
              <value>
                <![CDATA[firefox]]>
              </value>
            </param>
          </params>
          <reporter-output>
          </reporter-output>
        </test-method> <!-- setup -->
        <test-method status="PASS" signature="creatingNewPatient()[pri:1, instance:in.ptmantra.testscripts.AddNewPatients@b7dd107]" name="creatingNewPatient" duration-ms="11647" started-at="2022-06-09T20:41:54 IST" finished-at="2022-06-09T20:42:06 IST">
          <reporter-output>
          </reporter-output>
        </test-method> <!-- creatingNewPatient -->
        <test-method status="PASS" signature="tearDown()[pri:0, instance:in.ptmantra.testscripts.AddNewPatients@b7dd107]" name="tearDown" is-config="true" duration-ms="1355" started-at="2022-06-09T20:42:06 IST" finished-at="2022-06-09T20:42:07 IST">
          <reporter-output>
          </reporter-output>
        </test-method> <!-- tearDown -->
        <test-method status="PASS" signature="setup(java.lang.String)[pri:0, instance:in.ptmantra.testscripts.AddNewPatients@b7dd107]" name="setup" is-config="true" duration-ms="10389" started-at="2022-06-09T20:42:07 IST" finished-at="2022-06-09T20:42:17 IST">
          <params>
            <param index="0">
              <value>
                <![CDATA[firefox]]>
              </value>
            </param>
          </params>
          <reporter-output>
          </reporter-output>
        </test-method> <!-- setup -->
        <test-method status="PASS" signature="emptyFirstName()[pri:2, instance:in.ptmantra.testscripts.AddNewPatients@b7dd107]" name="emptyFirstName" duration-ms="19022" started-at="2022-06-09T20:42:17 IST" finished-at="2022-06-09T20:42:36 IST">
          <reporter-output>
          </reporter-output>
        </test-method> <!-- emptyFirstName -->
        <test-method status="PASS" signature="tearDown()[pri:0, instance:in.ptmantra.testscripts.AddNewPatients@b7dd107]" name="tearDown" is-config="true" duration-ms="1358" started-at="2022-06-09T20:42:36 IST" finished-at="2022-06-09T20:42:38 IST">
          <reporter-output>
          </reporter-output>
        </test-method> <!-- tearDown -->
        <test-method status="PASS" signature="setup(java.lang.String)[pri:0, instance:in.ptmantra.testscripts.AddNewPatients@b7dd107]" name="setup" is-config="true" duration-ms="10710" started-at="2022-06-09T20:42:38 IST" finished-at="2022-06-09T20:42:48 IST">
          <params>
            <param index="0">
              <value>
                <![CDATA[firefox]]>
              </value>
            </param>
          </params>
          <reporter-output>
          </reporter-output>
        </test-method> <!-- setup -->
        <test-method status="PASS" signature="emptyLastName()[pri:3, instance:in.ptmantra.testscripts.AddNewPatients@b7dd107]" name="emptyLastName" duration-ms="9382" started-at="2022-06-09T20:42:49 IST" finished-at="2022-06-09T20:42:58 IST">
          <reporter-output>
          </reporter-output>
        </test-method> <!-- emptyLastName -->
        <test-method status="PASS" signature="tearDown()[pri:0, instance:in.ptmantra.testscripts.AddNewPatients@b7dd107]" name="tearDown" is-config="true" duration-ms="1357" started-at="2022-06-09T20:42:58 IST" finished-at="2022-06-09T20:42:59 IST">
          <reporter-output>
          </reporter-output>
        </test-method> <!-- tearDown -->
        <test-method status="PASS" signature="setup(java.lang.String)[pri:0, instance:in.ptmantra.testscripts.AddNewPatients@b7dd107]" name="setup" is-config="true" duration-ms="10704" started-at="2022-06-09T20:42:59 IST" finished-at="2022-06-09T20:43:10 IST">
          <params>
            <param index="0">
              <value>
                <![CDATA[firefox]]>
              </value>
            </param>
          </params>
          <reporter-output>
          </reporter-output>
        </test-method> <!-- setup -->
        <test-method status="PASS" signature="emptyEmail()[pri:4, instance:in.ptmantra.testscripts.AddNewPatients@b7dd107]" name="emptyEmail" duration-ms="10978" started-at="2022-06-09T20:43:10 IST" finished-at="2022-06-09T20:43:21 IST">
          <reporter-output>
          </reporter-output>
        </test-method> <!-- emptyEmail -->
        <test-method status="PASS" signature="tearDown()[pri:0, instance:in.ptmantra.testscripts.AddNewPatients@b7dd107]" name="tearDown" is-config="true" duration-ms="1344" started-at="2022-06-09T20:43:21 IST" finished-at="2022-06-09T20:43:22 IST">
          <reporter-output>
          </reporter-output>
        </test-method> <!-- tearDown -->
        <test-method status="PASS" signature="setup(java.lang.String)[pri:0, instance:in.ptmantra.testscripts.AddNewPatients@b7dd107]" name="setup" is-config="true" duration-ms="9384" started-at="2022-06-09T20:43:22 IST" finished-at="2022-06-09T20:43:32 IST">
          <params>
            <param index="0">
              <value>
                <![CDATA[firefox]]>
              </value>
            </param>
          </params>
          <reporter-output>
          </reporter-output>
        </test-method> <!-- setup -->
        <test-method status="PASS" signature="fullempty()[pri:5, instance:in.ptmantra.testscripts.AddNewPatients@b7dd107]" name="fullempty" duration-ms="7702" started-at="2022-06-09T20:43:32 IST" finished-at="2022-06-09T20:43:39 IST">
          <reporter-output>
          </reporter-output>
        </test-method> <!-- fullempty -->
        <test-method status="PASS" signature="tearDown()[pri:0, instance:in.ptmantra.testscripts.AddNewPatients@b7dd107]" name="tearDown" is-config="true" duration-ms="1395" started-at="2022-06-09T20:43:39 IST" finished-at="2022-06-09T20:43:41 IST">
          <reporter-output>
          </reporter-output>
        </test-method> <!-- tearDown -->
      </class> <!-- in.ptmantra.testscripts.AddNewPatients -->
    </test> <!-- TestCases -->
  </suite> <!-- Suite -->
</testng-results>
